<?xml version="1.0" encoding="UTF-8"?>
<testsuite xmlns:xsi="http://www.w3.org/2001/XMLSchema-instance" xsi:noNamespaceSchemaLocation="https://maven.apache.org/surefire/maven-surefire-plugin/xsd/surefire-test-report-3.0.xsd" version="3.0" name="TestSuite" time="2.726" tests="15" errors="0" skipped="13" failures="2">
  <properties>
    <property name="gopherProxySet" value="false"/>
    <property name="awt.toolkit" value="sun.lwawt.macosx.LWCToolkit"/>
    <property name="java.specification.version" value="11"/>
    <property name="sun.cpu.isalist" value=""/>
    <property name="sun.jnu.encoding" value="UTF-8"/>
    <property name="java.class.path" value="/Users/bambadia/IdeaProjects/JiraXrayIntellij/target/test-classes:/Users/bambadia/IdeaProjects/JiraXrayIntellij/target/classes:/Users/bambadia/.m2/repository/junit/junit/4.13.2/junit-4.13.2.jar:/Users/bambadia/.m2/repository/org/hamcrest/hamcrest-core/1.3/hamcrest-core-1.3.jar:/Users/bambadia/.m2/repository/io/cucumber/cucumber-java/7.3.4/cucumber-java-7.3.4.jar:/Users/bambadia/.m2/repository/io/cucumber/cucumber-core/7.3.4/cucumber-core-7.3.4.jar:/Users/bambadia/.m2/repository/io/cucumber/cucumber-gherkin/7.3.4/cucumber-gherkin-7.3.4.jar:/Users/bambadia/.m2/repository/io/cucumber/cucumber-gherkin-messages/7.3.4/cucumber-gherkin-messages-7.3.4.jar:/Users/bambadia/.m2/repository/io/cucumber/gherkin/23.0.1/gherkin-23.0.1.jar:/Users/bambadia/.m2/repository/io/cucumber/messages/18.0.0/messages-18.0.0.jar:/Users/bambadia/.m2/repository/io/cucumber/tag-expressions/4.1.0/tag-expressions-4.1.0.jar:/Users/bambadia/.m2/repository/io/cucumber/cucumber-expressions/15.1.1/cucumber-expressions-15.1.1.jar:/Users/bambadia/.m2/repository/io/cucumber/datatable/7.3.4/datatable-7.3.4.jar:/Users/bambadia/.m2/repository/io/cucumber/cucumber-plugin/7.3.4/cucumber-plugin-7.3.4.jar:/Users/bambadia/.m2/repository/io/cucumber/docstring/7.3.4/docstring-7.3.4.jar:/Users/bambadia/.m2/repository/io/cucumber/html-formatter/19.1.0/html-formatter-19.1.0.jar:/Users/bambadia/.m2/repository/io/cucumber/ci-environment/9.0.4/ci-environment-9.0.4.jar:/Users/bambadia/.m2/repository/org/apiguardian/apiguardian-api/1.1.2/apiguardian-api-1.1.2.jar:/Users/bambadia/.m2/repository/io/cucumber/cucumber-junit/7.3.4/cucumber-junit-7.3.4.jar:/Users/bambadia/.m2/repository/com/github/javafaker/javafaker/0.12/javafaker-0.12.jar:/Users/bambadia/.m2/repository/org/apache/commons/commons-lang3/3.5/commons-lang3-3.5.jar:/Users/bambadia/.m2/repository/com/github/mifmif/generex/1.0.2/generex-1.0.2.jar:/Users/bambadia/.m2/repository/dk/brics/automaton/automaton/1.11-8/automaton-1.11-8.jar:/Users/bambadia/.m2/repository/io/qameta/allure/allure-cucumber4-jvm/2.18.0/allure-cucumber4-jvm-2.18.0.jar:/Users/bambadia/.m2/repository/io/qameta/allure/allure-java-commons/2.18.0/allure-java-commons-2.18.0.jar:/Users/bambadia/.m2/repository/io/qameta/allure/allure-model/2.18.0/allure-model-2.18.0.jar:/Users/bambadia/.m2/repository/io/appium/java-client/7.6.0/java-client-7.6.0.jar:/Users/bambadia/.m2/repository/org/seleniumhq/selenium/selenium-java/3.141.59/selenium-java-3.141.59.jar:/Users/bambadia/.m2/repository/org/seleniumhq/selenium/selenium-chrome-driver/3.141.59/selenium-chrome-driver-3.141.59.jar:/Users/bambadia/.m2/repository/org/seleniumhq/selenium/selenium-edge-driver/3.141.59/selenium-edge-driver-3.141.59.jar:/Users/bambadia/.m2/repository/org/seleniumhq/selenium/selenium-firefox-driver/3.141.59/selenium-firefox-driver-3.141.59.jar:/Users/bambadia/.m2/repository/org/seleniumhq/selenium/selenium-ie-driver/3.141.59/selenium-ie-driver-3.141.59.jar:/Users/bambadia/.m2/repository/org/seleniumhq/selenium/selenium-opera-driver/3.141.59/selenium-opera-driver-3.141.59.jar:/Users/bambadia/.m2/repository/org/seleniumhq/selenium/selenium-remote-driver/3.141.59/selenium-remote-driver-3.141.59.jar:/Users/bambadia/.m2/repository/org/seleniumhq/selenium/selenium-safari-driver/3.141.59/selenium-safari-driver-3.141.59.jar:/Users/bambadia/.m2/repository/net/bytebuddy/byte-buddy/1.8.15/byte-buddy-1.8.15.jar:/Users/bambadia/.m2/repository/org/apache/commons/commons-exec/1.3/commons-exec-1.3.jar:/Users/bambadia/.m2/repository/com/google/guava/guava/25.0-jre/guava-25.0-jre.jar:/Users/bambadia/.m2/repository/org/checkerframework/checker-compat-qual/2.0.0/checker-compat-qual-2.0.0.jar:/Users/bambadia/.m2/repository/com/google/errorprone/error_prone_annotations/2.1.3/error_prone_annotations-2.1.3.jar:/Users/bambadia/.m2/repository/com/google/j2objc/j2objc-annotations/1.1/j2objc-annotations-1.1.jar:/Users/bambadia/.m2/repository/org/codehaus/mojo/animal-sniffer-annotations/1.14/animal-sniffer-annotations-1.14.jar:/Users/bambadia/.m2/repository/com/squareup/okhttp3/okhttp/3.11.0/okhttp-3.11.0.jar:/Users/bambadia/.m2/repository/com/squareup/okio/okio/1.14.0/okio-1.14.0.jar:/Users/bambadia/.m2/repository/org/seleniumhq/selenium/selenium-support/3.141.59/selenium-support-3.141.59.jar:/Users/bambadia/.m2/repository/org/seleniumhq/selenium/selenium-api/3.141.59/selenium-api-3.141.59.jar:/Users/bambadia/.m2/repository/com/google/code/gson/gson/2.8.8/gson-2.8.8.jar:/Users/bambadia/.m2/repository/org/apache/httpcomponents/httpclient/4.5.13/httpclient-4.5.13.jar:/Users/bambadia/.m2/repository/org/apache/httpcomponents/httpcore/4.4.13/httpcore-4.4.13.jar:/Users/bambadia/.m2/repository/commons-logging/commons-logging/1.2/commons-logging-1.2.jar:/Users/bambadia/.m2/repository/commons-codec/commons-codec/1.11/commons-codec-1.11.jar:/Users/bambadia/.m2/repository/cglib/cglib/3.3.0/cglib-3.3.0.jar:/Users/bambadia/.m2/repository/org/ow2/asm/asm/7.1/asm-7.1.jar:/Users/bambadia/.m2/repository/commons-validator/commons-validator/1.7/commons-validator-1.7.jar:/Users/bambadia/.m2/repository/commons-beanutils/commons-beanutils/1.9.4/commons-beanutils-1.9.4.jar:/Users/bambadia/.m2/repository/commons-digester/commons-digester/2.1/commons-digester-2.1.jar:/Users/bambadia/.m2/repository/commons-collections/commons-collections/3.2.2/commons-collections-3.2.2.jar:/Users/bambadia/.m2/repository/commons-io/commons-io/2.11.0/commons-io-2.11.0.jar:/Users/bambadia/.m2/repository/org/springframework/spring-context/5.3.10/spring-context-5.3.10.jar:/Users/bambadia/.m2/repository/org/springframework/spring-aop/5.3.10/spring-aop-5.3.10.jar:/Users/bambadia/.m2/repository/org/springframework/spring-beans/5.3.10/spring-beans-5.3.10.jar:/Users/bambadia/.m2/repository/org/springframework/spring-core/5.3.10/spring-core-5.3.10.jar:/Users/bambadia/.m2/repository/org/springframework/spring-jcl/5.3.10/spring-jcl-5.3.10.jar:/Users/bambadia/.m2/repository/org/springframework/spring-expression/5.3.10/spring-expression-5.3.10.jar:/Users/bambadia/.m2/repository/org/aspectj/aspectjweaver/1.9.7/aspectjweaver-1.9.7.jar:/Users/bambadia/.m2/repository/org/slf4j/slf4j-api/1.7.32/slf4j-api-1.7.32.jar:/Users/bambadia/.m2/repository/org/testng/testng/7.6.0/testng-7.6.0.jar:/Users/bambadia/.m2/repository/com/google/code/findbugs/jsr305/3.0.2/jsr305-3.0.2.jar:/Users/bambadia/.m2/repository/com/beust/jcommander/1.82/jcommander-1.82.jar:/Users/bambadia/.m2/repository/org/webjars/jquery/3.6.0/jquery-3.6.0.jar:/Users/bambadia/.m2/repository/org/assertj/assertj-core/3.22.0/assertj-core-3.22.0.jar:"/>
    <property name="java.vm.vendor" value="Oracle Corporation"/>
    <property name="sun.arch.data.model" value="64"/>
    <property name="java.vendor.url" value="https://openjdk.java.net/"/>
    <property name="user.timezone" value="Europe/Paris"/>
    <property name="java.vm.specification.version" value="11"/>
    <property name="os.name" value="Mac OS X"/>
    <property name="sun.java.launcher" value="SUN_STANDARD"/>
    <property name="user.country" value="FR"/>
    <property name="sun.boot.library.path" value="/Library/Java/JavaVirtualMachines/jdk-11.0.15.jdk/Contents/Home/lib"/>
    <property name="sun.java.command" value="/Users/bambadia/IdeaProjects/JiraXrayIntellij/target/surefire/surefirebooter5382447894927597598.jar /Users/bambadia/IdeaProjects/JiraXrayIntellij/target/surefire 2022-06-06T16-18-48_326-jvmRun1 surefire6260003121903127837tmp surefire_013045136530533709729tmp"/>
    <property name="http.nonProxyHosts" value="local|*.local|169.254/16|*.169.254/16"/>
    <property name="jdk.debug" value="release"/>
    <property name="surefire.test.class.path" value="/Users/bambadia/IdeaProjects/JiraXrayIntellij/target/test-classes:/Users/bambadia/IdeaProjects/JiraXrayIntellij/target/classes:/Users/bambadia/.m2/repository/junit/junit/4.13.2/junit-4.13.2.jar:/Users/bambadia/.m2/repository/org/hamcrest/hamcrest-core/1.3/hamcrest-core-1.3.jar:/Users/bambadia/.m2/repository/io/cucumber/cucumber-java/7.3.4/cucumber-java-7.3.4.jar:/Users/bambadia/.m2/repository/io/cucumber/cucumber-core/7.3.4/cucumber-core-7.3.4.jar:/Users/bambadia/.m2/repository/io/cucumber/cucumber-gherkin/7.3.4/cucumber-gherkin-7.3.4.jar:/Users/bambadia/.m2/repository/io/cucumber/cucumber-gherkin-messages/7.3.4/cucumber-gherkin-messages-7.3.4.jar:/Users/bambadia/.m2/repository/io/cucumber/gherkin/23.0.1/gherkin-23.0.1.jar:/Users/bambadia/.m2/repository/io/cucumber/messages/18.0.0/messages-18.0.0.jar:/Users/bambadia/.m2/repository/io/cucumber/tag-expressions/4.1.0/tag-expressions-4.1.0.jar:/Users/bambadia/.m2/repository/io/cucumber/cucumber-expressions/15.1.1/cucumber-expressions-15.1.1.jar:/Users/bambadia/.m2/repository/io/cucumber/datatable/7.3.4/datatable-7.3.4.jar:/Users/bambadia/.m2/repository/io/cucumber/cucumber-plugin/7.3.4/cucumber-plugin-7.3.4.jar:/Users/bambadia/.m2/repository/io/cucumber/docstring/7.3.4/docstring-7.3.4.jar:/Users/bambadia/.m2/repository/io/cucumber/html-formatter/19.1.0/html-formatter-19.1.0.jar:/Users/bambadia/.m2/repository/io/cucumber/ci-environment/9.0.4/ci-environment-9.0.4.jar:/Users/bambadia/.m2/repository/org/apiguardian/apiguardian-api/1.1.2/apiguardian-api-1.1.2.jar:/Users/bambadia/.m2/repository/io/cucumber/cucumber-junit/7.3.4/cucumber-junit-7.3.4.jar:/Users/bambadia/.m2/repository/com/github/javafaker/javafaker/0.12/javafaker-0.12.jar:/Users/bambadia/.m2/repository/org/apache/commons/commons-lang3/3.5/commons-lang3-3.5.jar:/Users/bambadia/.m2/repository/com/github/mifmif/generex/1.0.2/generex-1.0.2.jar:/Users/bambadia/.m2/repository/dk/brics/automaton/automaton/1.11-8/automaton-1.11-8.jar:/Users/bambadia/.m2/repository/io/qameta/allure/allure-cucumber4-jvm/2.18.0/allure-cucumber4-jvm-2.18.0.jar:/Users/bambadia/.m2/repository/io/qameta/allure/allure-java-commons/2.18.0/allure-java-commons-2.18.0.jar:/Users/bambadia/.m2/repository/io/qameta/allure/allure-model/2.18.0/allure-model-2.18.0.jar:/Users/bambadia/.m2/repository/io/appium/java-client/7.6.0/java-client-7.6.0.jar:/Users/bambadia/.m2/repository/org/seleniumhq/selenium/selenium-java/3.141.59/selenium-java-3.141.59.jar:/Users/bambadia/.m2/repository/org/seleniumhq/selenium/selenium-chrome-driver/3.141.59/selenium-chrome-driver-3.141.59.jar:/Users/bambadia/.m2/repository/org/seleniumhq/selenium/selenium-edge-driver/3.141.59/selenium-edge-driver-3.141.59.jar:/Users/bambadia/.m2/repository/org/seleniumhq/selenium/selenium-firefox-driver/3.141.59/selenium-firefox-driver-3.141.59.jar:/Users/bambadia/.m2/repository/org/seleniumhq/selenium/selenium-ie-driver/3.141.59/selenium-ie-driver-3.141.59.jar:/Users/bambadia/.m2/repository/org/seleniumhq/selenium/selenium-opera-driver/3.141.59/selenium-opera-driver-3.141.59.jar:/Users/bambadia/.m2/repository/org/seleniumhq/selenium/selenium-remote-driver/3.141.59/selenium-remote-driver-3.141.59.jar:/Users/bambadia/.m2/repository/org/seleniumhq/selenium/selenium-safari-driver/3.141.59/selenium-safari-driver-3.141.59.jar:/Users/bambadia/.m2/repository/net/bytebuddy/byte-buddy/1.8.15/byte-buddy-1.8.15.jar:/Users/bambadia/.m2/repository/org/apache/commons/commons-exec/1.3/commons-exec-1.3.jar:/Users/bambadia/.m2/repository/com/google/guava/guava/25.0-jre/guava-25.0-jre.jar:/Users/bambadia/.m2/repository/org/checkerframework/checker-compat-qual/2.0.0/checker-compat-qual-2.0.0.jar:/Users/bambadia/.m2/repository/com/google/errorprone/error_prone_annotations/2.1.3/error_prone_annotations-2.1.3.jar:/Users/bambadia/.m2/repository/com/google/j2objc/j2objc-annotations/1.1/j2objc-annotations-1.1.jar:/Users/bambadia/.m2/repository/org/codehaus/mojo/animal-sniffer-annotations/1.14/animal-sniffer-annotations-1.14.jar:/Users/bambadia/.m2/repository/com/squareup/okhttp3/okhttp/3.11.0/okhttp-3.11.0.jar:/Users/bambadia/.m2/repository/com/squareup/okio/okio/1.14.0/okio-1.14.0.jar:/Users/bambadia/.m2/repository/org/seleniumhq/selenium/selenium-support/3.141.59/selenium-support-3.141.59.jar:/Users/bambadia/.m2/repository/org/seleniumhq/selenium/selenium-api/3.141.59/selenium-api-3.141.59.jar:/Users/bambadia/.m2/repository/com/google/code/gson/gson/2.8.8/gson-2.8.8.jar:/Users/bambadia/.m2/repository/org/apache/httpcomponents/httpclient/4.5.13/httpclient-4.5.13.jar:/Users/bambadia/.m2/repository/org/apache/httpcomponents/httpcore/4.4.13/httpcore-4.4.13.jar:/Users/bambadia/.m2/repository/commons-logging/commons-logging/1.2/commons-logging-1.2.jar:/Users/bambadia/.m2/repository/commons-codec/commons-codec/1.11/commons-codec-1.11.jar:/Users/bambadia/.m2/repository/cglib/cglib/3.3.0/cglib-3.3.0.jar:/Users/bambadia/.m2/repository/org/ow2/asm/asm/7.1/asm-7.1.jar:/Users/bambadia/.m2/repository/commons-validator/commons-validator/1.7/commons-validator-1.7.jar:/Users/bambadia/.m2/repository/commons-beanutils/commons-beanutils/1.9.4/commons-beanutils-1.9.4.jar:/Users/bambadia/.m2/repository/commons-digester/commons-digester/2.1/commons-digester-2.1.jar:/Users/bambadia/.m2/repository/commons-collections/commons-collections/3.2.2/commons-collections-3.2.2.jar:/Users/bambadia/.m2/repository/commons-io/commons-io/2.11.0/commons-io-2.11.0.jar:/Users/bambadia/.m2/repository/org/springframework/spring-context/5.3.10/spring-context-5.3.10.jar:/Users/bambadia/.m2/repository/org/springframework/spring-aop/5.3.10/spring-aop-5.3.10.jar:/Users/bambadia/.m2/repository/org/springframework/spring-beans/5.3.10/spring-beans-5.3.10.jar:/Users/bambadia/.m2/repository/org/springframework/spring-core/5.3.10/spring-core-5.3.10.jar:/Users/bambadia/.m2/repository/org/springframework/spring-jcl/5.3.10/spring-jcl-5.3.10.jar:/Users/bambadia/.m2/repository/org/springframework/spring-expression/5.3.10/spring-expression-5.3.10.jar:/Users/bambadia/.m2/repository/org/aspectj/aspectjweaver/1.9.7/aspectjweaver-1.9.7.jar:/Users/bambadia/.m2/repository/org/slf4j/slf4j-api/1.7.32/slf4j-api-1.7.32.jar:/Users/bambadia/.m2/repository/org/testng/testng/7.6.0/testng-7.6.0.jar:/Users/bambadia/.m2/repository/com/google/code/findbugs/jsr305/3.0.2/jsr305-3.0.2.jar:/Users/bambadia/.m2/repository/com/beust/jcommander/1.82/jcommander-1.82.jar:/Users/bambadia/.m2/repository/org/webjars/jquery/3.6.0/jquery-3.6.0.jar:/Users/bambadia/.m2/repository/org/assertj/assertj-core/3.22.0/assertj-core-3.22.0.jar:"/>
    <property name="sun.cpu.endian" value="little"/>
    <property name="user.home" value="/Users/bambadia"/>
    <property name="user.language" value="fr"/>
    <property name="java.specification.vendor" value="Oracle Corporation"/>
    <property name="java.version.date" value="2022-04-19"/>
    <property name="java.home" value="/Library/Java/JavaVirtualMachines/jdk-11.0.15.jdk/Contents/Home"/>
    <property name="file.separator" value="/"/>
    <property name="basedir" value="/Users/bambadia/IdeaProjects/JiraXrayIntellij"/>
    <property name="java.vm.compressedOopsMode" value="Zero based"/>
    <property name="line.separator" value="&#10;"/>
    <property name="java.specification.name" value="Java Platform API Specification"/>
    <property name="java.vm.specification.vendor" value="Oracle Corporation"/>
    <property name="java.awt.graphicsenv" value="sun.awt.CGraphicsEnvironment"/>
    <property name="surefire.real.class.path" value="/Users/bambadia/IdeaProjects/JiraXrayIntellij/target/surefire/surefirebooter5382447894927597598.jar"/>
    <property name="sun.management.compiler" value="HotSpot 64-Bit Tiered Compilers"/>
    <property name="ftp.nonProxyHosts" value="local|*.local|169.254/16|*.169.254/16"/>
    <property name="java.runtime.version" value="11.0.15+8-LTS-149"/>
    <property name="user.name" value="bambadia"/>
    <property name="path.separator" value=":"/>
    <property name="os.version" value="12.4"/>
    <property name="java.runtime.name" value="Java(TM) SE Runtime Environment"/>
    <property name="file.encoding" value="UTF-8"/>
    <property name="java.vm.name" value="Java HotSpot(TM) 64-Bit Server VM"/>
    <property name="java.vendor.version" value="18.9"/>
    <property name="localRepository" value="/Users/bambadia/.m2/repository"/>
    <property name="java.vendor.url.bug" value="https://bugreport.java.com/bugreport/"/>
    <property name="java.io.tmpdir" value="/var/folders/p3/l3f98st10fgbf5ybyj1m4hjr0000gn/T/"/>
    <property name="java.version" value="11.0.15"/>
    <property name="user.dir" value="/Users/bambadia/IdeaProjects/JiraXrayIntellij"/>
    <property name="os.arch" value="x86_64"/>
    <property name="java.vm.specification.name" value="Java Virtual Machine Specification"/>
    <property name="java.awt.printerjob" value="sun.lwawt.macosx.CPrinterJob"/>
    <property name="sun.os.patch.level" value="unknown"/>
    <property name="java.library.path" value="/Users/bambadia/Library/Java/Extensions:/Library/Java/Extensions:/Network/Library/Java/Extensions:/System/Library/Java/Extensions:/usr/lib/java:."/>
    <property name="java.vendor" value="Oracle Corporation"/>
    <property name="java.vm.info" value="mixed mode"/>
    <property name="java.vm.version" value="11.0.15+8-LTS-149"/>
    <property name="sun.io.unicode.encoding" value="UnicodeBig"/>
    <property name="java.class.version" value="55.0"/>
    <property name="socksNonProxyHosts" value="local|*.local|169.254/16|*.169.254/16"/>
  </properties>
  <testcase name="setup" classname="com.bdia.tests.LoginTest" time="1.06">
    <failure message="&#10;Can inject only one of &lt;ITestContext, XmlTest, Method, Object[], ITestResult&gt; into a @BeforeMethod annotated setup.&#10;For more information on native dependency injection please refer to https://testng.org/doc/documentation-main.html#native-dependency-injection" type="org.testng.TestNGException"><![CDATA[org.testng.TestNGException: 

Can inject only one of <ITestContext, XmlTest, Method, Object[], ITestResult> into a @BeforeMethod annotated setup.
For more information on native dependency injection please refer to https://testng.org/doc/documentation-main.html#native-dependency-injection
]]></failure>
    <system-err><![CDATA[SLF4J: Failed to load class "org.slf4j.impl.StaticLoggerBinder".
SLF4J: Defaulting to no-operation (NOP) logger implementation
SLF4J: See http://www.slf4j.org/codes.html#StaticLoggerBinder for further details.
]]></system-err>
  </testcase>
  <testcase name="setup" classname="com.bdia.tests.LoginTest" time="0">
    <skipped/>
  </testcase>
  <testcase name="setup" classname="com.bdia.tests.LoginTest" time="0">
    <skipped/>
  </testcase>
  <testcase name="successfullLoginES" classname="com.bdia.tests.LoginTest" time="0">
    <skipped message="&#10;Can inject only one of &lt;ITestContext, XmlTest, Method, Object[], ITestResult&gt; into a @BeforeMethod annotated setup.&#10;For more information on native dependency injection please refer to https://testng.org/doc/documentation-main.html#native-dependency-injection"/>
  </testcase>
  <testcase name="teardown" classname="com.bdia.tests.LoginTest" time="0">
    <skipped/>
  </testcase>
  <testcase name="teardown" classname="com.bdia.tests.LoginTest" time="0">
    <skipped/>
  </testcase>
  <testcase name="teardown" classname="com.bdia.tests.LoginTest" time="0">
    <skipped/>
  </testcase>
  <testcase name="successfullLoginLU" classname="com.bdia.tests.LoginTest" time="0">
    <skipped message="&#10;Can inject only one of &lt;ITestContext, XmlTest, Method, Object[], ITestResult&gt; into a @BeforeMethod annotated setup.&#10;For more information on native dependency injection please refer to https://testng.org/doc/documentation-main.html#native-dependency-injection"/>
  </testcase>
  <testcase name="successfullLoginPL" classname="com.bdia.tests.LoginTest" time="0">
    <skipped message="&#10;Can inject only one of &lt;ITestContext, XmlTest, Method, Object[], ITestResult&gt; into a @BeforeMethod annotated setup.&#10;For more information on native dependency injection please refer to https://testng.org/doc/documentation-main.html#native-dependency-injection"/>
  </testcase>
  <testcase name="setup" classname="com.bdia.tests.account.AccountTest" time="0">
    <failure message="&#10;Can inject only one of &lt;ITestContext, XmlTest, Method, Object[], ITestResult&gt; into a @BeforeMethod annotated setup.&#10;For more information on native dependency injection please refer to https://testng.org/doc/documentation-main.html#native-dependency-injection" type="org.testng.TestNGException"><![CDATA[org.testng.TestNGException: 

Can inject only one of <ITestContext, XmlTest, Method, Object[], ITestResult> into a @BeforeMethod annotated setup.
For more information on native dependency injection please refer to https://testng.org/doc/documentation-main.html#native-dependency-injection
]]></failure>
  </testcase>
  <testcase name="setup" classname="com.bdia.tests.account.AccountTest" time="0">
    <skipped/>
  </testcase>
  <testcase name="verifyIssueWithAppES" classname="com.bdia.tests.account.AccountTest" time="0">
    <skipped message="&#10;Can inject only one of &lt;ITestContext, XmlTest, Method, Object[], ITestResult&gt; into a @BeforeMethod annotated setup.&#10;For more information on native dependency injection please refer to https://testng.org/doc/documentation-main.html#native-dependency-injection"/>
  </testcase>
  <testcase name="teardown" classname="com.bdia.tests.account.AccountTest" time="0">
    <skipped/>
  </testcase>
  <testcase name="teardown" classname="com.bdia.tests.account.AccountTest" time="0">
    <skipped/>
  </testcase>
  <testcase name="verifySettingsLU" classname="com.bdia.tests.account.AccountTest" time="0">
    <skipped message="&#10;Can inject only one of &lt;ITestContext, XmlTest, Method, Object[], ITestResult&gt; into a @BeforeMethod annotated setup.&#10;For more information on native dependency injection please refer to https://testng.org/doc/documentation-main.html#native-dependency-injection"/>
  </testcase>
</testsuite>