<?xml version="1.0" encoding="UTF-8"?>
<!-- Generated by org.testng.reporters.JUnitReportReporter -->
<testsuite hostname="MBP-de-bamba" failures="0" tests="6" name="com.bdia.tests.LoginTest" time="476.876" errors="0" timestamp="2022-06-16T17:30:52 CEST" skipped="0">
  <testcase classname="com.bdia.tests.LoginTest" name="successfullLoginPL" time="91.829"/>
  <system-out/>
  <testcase classname="com.bdia.tests.LoginTest" name="successfullLoginPL" time="70.924"/>
  <system-out/>
  <testcase classname="com.bdia.tests.LoginTest" name="successfullLoginES" time="81.324"/>
  <system-out/>
  <testcase classname="com.bdia.tests.LoginTest" name="successfullLoginLU" time="90.349"/>
  <system-out/>
  <testcase classname="com.bdia.tests.LoginTest" name="successfullLoginES" time="63.622"/>
  <system-out/>
  <testcase classname="com.bdia.tests.LoginTest" name="successfullLoginLU" time="78.828"/>
  <system-out/>
</testsuite> <!-- com.bdia.tests.LoginTest -->
